<?xml version="1.0" encoding="UTF-8"?>
<!-- Generated by org.testng.reporters.JUnitReportReporter -->
<testsuite hostname="Hedys-MBP.lan" failures="0" tests="3" name="files.DynamicJson" time="2.830" errors="0" timestamp="21 Apr 2023 20:03:37 GMT">
  <testcase classname="files.DynamicJson" name="deleteBook" time="0.727"/>
  <testcase classname="files.DynamicJson" name="deleteBook" time="0.618"/>
  <testcase classname="files.DynamicJson" name="deleteBook" time="1.485"/>
</testsuite> <!-- files.DynamicJson -->
